<?xml version="1.0" encoding="UTF-8"?>
<!-- Generated by org.testng.reporters.JUnitReportReporter -->
<testsuite hostname="LAPTOP-J7IILEPI" failures="0" tests="1" name="TestNG.normal_class" time="7.841" errors="0" timestamp="2023-09-04T18:18:26 IST" skipped="0">
  <testcase classname="TestNG.normal_class" name="openfacebok" time="7.841"/>
</testsuite> <!-- TestNG.normal_class -->
