<?xml version="1.0" encoding="UTF-8"?>
<!-- Generated by org.testng.reporters.JUnitReportReporter -->
<testsuite hostname="LAPTOP-J7IILEPI" failures="0" tests="7" name="Keywords.invocationCount" time="0.023" errors="0" timestamp="2023-09-05T19:36:07 IST" skipped="0">
  <testcase classname="Keywords.invocationCount" name="TC01" time="0.009">
    <system-out>
      <![CDATA[Running Method TC1]]>
    </system-out>
  </testcase> <!-- TC01 -->
  <testcase classname="Keywords.invocationCount" name="TC02" time="0.001">
    <system-out>
      <![CDATA[Running Method TC2]]>
    </system-out>
  </testcase> <!-- TC02 -->
  <testcase classname="Keywords.invocationCount" name="TC02" time="0.004">
    <system-out>
      <![CDATA[Running Method TC2]]>
    </system-out>
  </testcase> <!-- TC02 -->
  <testcase classname="Keywords.invocationCount" name="TC01" time="0.002">
    <system-out>
      <![CDATA[Running Method TC1]]>
    </system-out>
  </testcase> <!-- TC01 -->
  <testcase classname="Keywords.invocationCount" name="TC01" time="0.002">
    <system-out>
      <![CDATA[Running Method TC1]]>
    </system-out>
  </testcase> <!-- TC01 -->
  <testcase classname="Keywords.invocationCount" name="TC01" time="0.003">
    <system-out>
      <![CDATA[Running Method TC1]]>
    </system-out>
  </testcase> <!-- TC01 -->
  <testcase classname="Keywords.invocationCount" name="TC01" time="0.002">
    <system-out>
      <![CDATA[Running Method TC1]]>
    </system-out>
  </testcase> <!-- TC01 -->
  <system-out>
    <![CDATA[Running Method TC1
Running Method TC1
Running Method TC1
Running Method TC1
Running Method TC1
Running Method TC2
Running Method TC2]]>
  </system-out>
</testsuite> <!-- Keywords.invocationCount -->
