<?xml version="1.0" encoding="UTF-8"?>
<!-- Generated by org.testng.reporters.JUnitReportReporter -->
<testsuite hostname="LAPTOP-J7IILEPI" failures="0" tests="5" name="TestNG.Sample1" time="0.026" errors="0" timestamp="2023-09-05T16:43:24 IST" skipped="0">
  <testcase classname="TestNG.Sample1" name="TC05" time="0.002"/>
  <testcase classname="TestNG.Sample1" name="TC04" time="0.006">
    <system-out>
      <![CDATA[Running TC04]]>
    </system-out>
  </testcase> <!-- TC04 -->
  <testcase classname="TestNG.Sample1" name="TC02" time="0.003">
    <system-out>
      <![CDATA[Running TC02]]>
    </system-out>
  </testcase> <!-- TC02 -->
  <testcase classname="TestNG.Sample1" name="TC03" time="0.003">
    <system-out>
      <![CDATA[Running TC03]]>
    </system-out>
  </testcase> <!-- TC03 -->
  <testcase classname="TestNG.Sample1" name="TC01" time="0.012">
    <system-out>
      <![CDATA[Running TC01]]>
    </system-out>
  </testcase> <!-- TC01 -->
  <system-out>
    <![CDATA[Running TC01
Running TC02
Running TC03
Running TC04]]>
  </system-out>
</testsuite> <!-- TestNG.Sample1 -->
