<?xml version="1.0" encoding="UTF-8"?>
<!-- Generated by org.testng.reporters.JUnitReportReporter -->
<testsuite hostname="LAPTOP-J7IILEPI" failures="0" tests="3" name="Annotations.Data_Provider4" time="0.010" errors="0" timestamp="2023-09-12T11:14:54 IST" skipped="0">
  <testcase classname="Annotations.Data_Provider4" name="login" time="0.002"/>
  <testcase classname="Annotations.Data_Provider4" name="login" time="0.006"/>
  <testcase classname="Annotations.Data_Provider4" name="login" time="0.002"/>
</testsuite> <!-- Annotations.Data_Provider4 -->
