<?xml version="1.0" encoding="UTF-8"?>
<!-- Generated by org.testng.reporters.JUnitReportReporter -->
<testsuite hostname="LAPTOP-J7IILEPI" failures="0" tests="3" name="Annotations.Data_Provider3" time="0.008" errors="0" timestamp="2023-09-12T11:07:03 IST" skipped="0">
  <testcase classname="Annotations.Data_Provider3" name="information" time="0.002"/>
  <testcase classname="Annotations.Data_Provider3" name="information" time="0.006"/>
  <testcase classname="Annotations.Data_Provider3" name="information" time="0.000"/>
</testsuite> <!-- Annotations.Data_Provider3 -->
