<?xml version="1.0" encoding="UTF-8"?>
<!-- Generated by org.testng.reporters.JUnitReportReporter -->
<testsuite hostname="LAPTOP-J7IILEPI" failures="0" tests="2" name="Annotations.Data_Provider5" time="0.011" errors="0" timestamp="2023-09-12T13:42:24 IST" skipped="0">
  <testcase classname="Annotations.Data_Provider5" name="login" time="0.003"/>
  <testcase classname="Annotations.Data_Provider5" name="login" time="0.008"/>
</testsuite> <!-- Annotations.Data_Provider5 -->
