<?xml version="1.0" encoding="UTF-8"?>
<!-- Generated by org.testng.reporters.JUnitReportReporter -->
<testsuite hostname="LAPTOP-J7IILEPI" failures="0" tests="2" name="Test_Suite.Test1" time="0.004" errors="0" timestamp="2023-09-06T19:14:27 IST" skipped="0">
  <testcase classname="Test_Suite.Test1" name="TC1" time="0.001">
    <system-out>
      <![CDATA[Run TC1]]>
    </system-out>
  </testcase> <!-- TC1 -->
  <testcase classname="Test_Suite.Test1" name="TC2" time="0.003">
    <system-out>
      <![CDATA[Run TC2]]>
    </system-out>
  </testcase> <!-- TC2 -->
  <system-out>
    <![CDATA[Run TC3
Run TC4
Run TC1
Run TC2
Run TC5
Run TC6]]>
  </system-out>
</testsuite> <!-- Test_Suite.Test1 -->
