<?xml version="1.0" encoding="UTF-8"?>
<!-- Generated by org.testng.reporters.JUnitReportReporter -->
<testsuite hostname="LAPTOP-J7IILEPI" failures="0" tests="6" name="Keywords2.invocationCount" time="0.020" errors="0" timestamp="2023-09-06T18:27:55 IST" skipped="0">
  <testcase classname="Keywords2.invocationCount" name="TC3" time="0.002">
    <system-out>
      <![CDATA[Logout]]>
    </system-out>
  </testcase> <!-- TC3 -->
  <testcase classname="Keywords2.invocationCount" name="TC2" time="0.003">
    <system-out>
      <![CDATA[Login]]>
    </system-out>
  </testcase> <!-- TC2 -->
  <testcase classname="Keywords2.invocationCount" name="TC2" time="0.002">
    <system-out>
      <![CDATA[Login]]>
    </system-out>
  </testcase> <!-- TC2 -->
  <testcase classname="Keywords2.invocationCount" name="TC1" time="0.010">
    <system-out>
      <![CDATA[SignIn]]>
    </system-out>
  </testcase> <!-- TC1 -->
  <testcase classname="Keywords2.invocationCount" name="TC2" time="0.001">
    <system-out>
      <![CDATA[Login]]>
    </system-out>
  </testcase> <!-- TC2 -->
  <testcase classname="Keywords2.invocationCount" name="TC2" time="0.002">
    <system-out>
      <![CDATA[Login]]>
    </system-out>
  </testcase> <!-- TC2 -->
  <system-out>
    <![CDATA[SignIn
Login
Login
Login
Login
Logout]]>
  </system-out>
</testsuite> <!-- Keywords2.invocationCount -->
