<?xml version="1.0" encoding="UTF-8"?>
<!-- Generated by org.testng.reporters.JUnitReportReporter -->
<testsuite hostname="LAPTOP-J7IILEPI" failures="0" tests="2" name="Test_Suite.Test2" time="0.007" errors="0" timestamp="2023-09-06T19:14:27 IST" skipped="0">
  <testcase classname="Test_Suite.Test2" name="TC3" time="0.007">
    <system-out>
      <![CDATA[Run TC3]]>
    </system-out>
  </testcase> <!-- TC3 -->
  <testcase classname="Test_Suite.Test2" name="TC4" time="0.000">
    <system-out>
      <![CDATA[Run TC4]]>
    </system-out>
  </testcase> <!-- TC4 -->
  <system-out>
    <![CDATA[Run TC3
Run TC4
Run TC1
Run TC2
Run TC5
Run TC6]]>
  </system-out>
</testsuite> <!-- Test_Suite.Test2 -->
