<?xml version="1.0" encoding="UTF-8"?>
<!-- Generated by org.testng.reporters.JUnitReportReporter -->
<testsuite hostname="LAPTOP-J7IILEPI" failures="0" tests="1" name="POM_DDF_TestNG_BaseClass_UtilityClass1.Practice_Test" time="1.776" errors="0" timestamp="2023-09-13T21:57:15 IST" skipped="0">
  <testcase classname="POM_DDF_TestNG_BaseClass_UtilityClass1.Practice_Test" name="veify" time="1.776">
    <system-out>
      <![CDATA[Okay]]>
    </system-out>
  </testcase> <!-- veify -->
  <system-out>
    <![CDATA[Okay
logout
close]]>
  </system-out>
</testsuite> <!-- POM_DDF_TestNG_BaseClass_UtilityClass1.Practice_Test -->
