<?xml version="1.0" encoding="UTF-8"?>
<!-- Generated by org.testng.reporters.JUnitReportReporter -->
<testsuite hostname="LAPTOP-J7IILEPI" failures="0" tests="3" name="Compatibility_Testing.C_T_3" time="67.416" errors="0" timestamp="2023-09-07T19:05:46 IST" skipped="0">
  <testcase classname="Compatibility_Testing.C_T_3" name="TC1" time="16.264"/>
  <testcase classname="Compatibility_Testing.C_T_3" name="TC1" time="25.050"/>
  <testcase classname="Compatibility_Testing.C_T_3" name="TC1" time="26.102"/>
</testsuite> <!-- Compatibility_Testing.C_T_3 -->
