<?xml version="1.0" encoding="UTF-8"?>
<!-- Generated by org.testng.reporters.JUnitReportReporter -->
<testsuite hostname="LAPTOP-J7IILEPI" failures="0" tests="2" name="Test_Suite.Test3" time="0.003" errors="0" timestamp="2023-09-06T19:14:27 IST" skipped="0">
  <testcase classname="Test_Suite.Test3" name="TC5" time="0.002">
    <system-out>
      <![CDATA[Run TC5]]>
    </system-out>
  </testcase> <!-- TC5 -->
  <testcase classname="Test_Suite.Test3" name="TC6" time="0.001">
    <system-out>
      <![CDATA[Run TC6]]>
    </system-out>
  </testcase> <!-- TC6 -->
  <system-out>
    <![CDATA[Run TC3
Run TC4
Run TC1
Run TC2
Run TC5
Run TC6]]>
  </system-out>
</testsuite> <!-- Test_Suite.Test3 -->
