<?xml version="1.0" encoding="UTF-8"?>
<!-- Generated by org.testng.reporters.JUnitReportReporter -->
<testsuite hostname="LAPTOP-J7IILEPI" failures="0" tests="5" name="Annotations.Data_Provider2" time="0.017" errors="0" timestamp="2023-09-12T10:59:08 IST" skipped="0">
  <testcase classname="Annotations.Data_Provider2" name="signin" time="0.004"/>
  <testcase classname="Annotations.Data_Provider2" name="signin" time="0.003"/>
  <testcase classname="Annotations.Data_Provider2" name="signin" time="0.002"/>
  <testcase classname="Annotations.Data_Provider2" name="signin" time="0.007"/>
  <testcase classname="Annotations.Data_Provider2" name="signin" time="0.001"/>
</testsuite> <!-- Annotations.Data_Provider2 -->
