<?xml version="1.0" encoding="UTF-8"?>
<!-- Generated by org.testng.reporters.JUnitReportReporter -->
<testsuite hostname="LAPTOP-J7IILEPI" failures="0" tests="5" name="Keywords2.priority" time="0.011" errors="0" timestamp="2023-09-06T18:32:12 IST" skipped="0">
  <testcase classname="Keywords2.priority" name="TC3" time="0.006">
    <system-out>
      <![CDATA[TC3]]>
    </system-out>
  </testcase> <!-- TC3 -->
  <testcase classname="Keywords2.priority" name="TC1" time="0.001">
    <system-out>
      <![CDATA[TC1]]>
    </system-out>
  </testcase> <!-- TC1 -->
  <testcase classname="Keywords2.priority" name="TC5" time="0.002">
    <system-out>
      <![CDATA[TC5]]>
    </system-out>
  </testcase> <!-- TC5 -->
  <testcase classname="Keywords2.priority" name="TC2" time="0.001">
    <system-out>
      <![CDATA[TC2]]>
    </system-out>
  </testcase> <!-- TC2 -->
  <testcase classname="Keywords2.priority" name="TC4" time="0.001">
    <system-out>
      <![CDATA[TC4]]>
    </system-out>
  </testcase> <!-- TC4 -->
  <system-out>
    <![CDATA[TC3
TC1
TC5
TC2
TC4]]>
  </system-out>
</testsuite> <!-- Keywords2.priority -->
