<?xml version="1.0" encoding="UTF-8"?>
<!-- Generated by org.testng.reporters.JUnitReportReporter -->
<testsuite hostname="LAPTOP-J7IILEPI" failures="0" tests="3" name="Compatibility_Testing.C_T_1" time="86.387" errors="0" timestamp="2023-09-07T14:12:27 IST" skipped="0">
  <testcase classname="Compatibility_Testing.C_T_1" name="TC1" time="40.900"/>
  <testcase classname="Compatibility_Testing.C_T_1" name="TC1" time="28.124"/>
  <testcase classname="Compatibility_Testing.C_T_1" name="TC1" time="17.363"/>
</testsuite> <!-- Compatibility_Testing.C_T_1 -->
