<?xml version="1.0" encoding="UTF-8"?>
<!-- Generated by org.testng.reporters.JUnitReportReporter -->
<testsuite hostname="LAPTOP-J7IILEPI" failures="0" tests="2" name="Test_Suite_2.Test1_exclude" time="0.008" errors="0" timestamp="2023-09-06T19:30:02 IST" skipped="0">
  <testcase classname="Test_Suite_2.Test1_exclude" name="TC1" time="0.006">
    <system-out>
      <![CDATA[Running Method TC1]]>
    </system-out>
  </testcase> <!-- TC1 -->
  <testcase classname="Test_Suite_2.Test1_exclude" name="TC3" time="0.002">
    <system-out>
      <![CDATA[Running Method TC3]]>
    </system-out>
  </testcase> <!-- TC3 -->
  <system-out>
    <![CDATA[Running Method TC1
Running Method TC3]]>
  </system-out>
</testsuite> <!-- Test_Suite_2.Test1_exclude -->
