<?xml version="1.0" encoding="UTF-8"?>
<!-- Generated by org.testng.reporters.JUnitReportReporter -->
<testsuite hostname="LAPTOP-J7IILEPI" failures="0" tests="3" name="Keywords.priority" time="0.009" errors="0" timestamp="2023-09-06T18:05:30 IST" skipped="0">
  <testcase classname="Keywords.priority" name="TC03" time="0.007">
    <system-out>
      <![CDATA[Running TC03]]>
    </system-out>
  </testcase> <!-- TC03 -->
  <testcase classname="Keywords.priority" name="TC01" time="0.001">
    <system-out>
      <![CDATA[Running TC01]]>
    </system-out>
  </testcase> <!-- TC01 -->
  <testcase classname="Keywords.priority" name="TC02" time="0.001">
    <system-out>
      <![CDATA[Running TC02]]>
    </system-out>
  </testcase> <!-- TC02 -->
  <system-out>
    <![CDATA[Running TC03
Running TC01
Running TC02]]>
  </system-out>
</testsuite> <!-- Keywords.priority -->
