<?xml version="1.0" encoding="UTF-8"?>
<!-- Generated by org.testng.reporters.JUnitReportReporter -->
<testsuite hostname="LAPTOP-J7IILEPI" failures="0" tests="2" name="Annotations.Annotations2" time="0.006" errors="0" timestamp="2023-09-09T16:50:46 IST" skipped="0">
  <testcase classname="Annotations.Annotations2" name="SearchHotel" time="0.002">
    <system-out>
      <![CDATA[TC1 Search Hotels]]>
    </system-out>
  </testcase> <!-- SearchHotel -->
  <testcase classname="Annotations.Annotations2" name="ChangePassword" time="0.004">
    <system-out>
      <![CDATA[TC2 Change Password]]>
    </system-out>
  </testcase> <!-- ChangePassword -->
  <system-out>
    <![CDATA[Open Browser
Login
TC2 Change Password
LogOut
Login
TC1 Search Hotels
LogOut
Close Browser]]>
  </system-out>
</testsuite> <!-- Annotations.Annotations2 -->
