<?xml version="1.0" encoding="UTF-8"?>
<!-- Generated by org.testng.reporters.JUnitReportReporter -->
<testsuite hostname="LAPTOP-J7IILEPI" failures="0" tests="2" name="Keywords.enabled" time="0.007" errors="0" timestamp="2023-09-05T20:44:52 IST" skipped="1">
  <testcase classname="Keywords.enabled" name="TC01" time="0.007">
    <system-out>
      <![CDATA[Running TC01]]>
    </system-out>
  </testcase> <!-- TC01 -->
  <testcase classname="Keywords.enabled" name="TC02">
    <skipped/>
  </testcase> <!-- TC02 -->
  <system-out>
    <![CDATA[Running TC01]]>
  </system-out>
</testsuite> <!-- Keywords.enabled -->
