<?xml version="1.0" encoding="UTF-8"?>
<!-- Generated by org.testng.reporters.JUnitReportReporter -->
<testsuite hostname="LAPTOP-J7IILEPI" failures="0" tests="3" name="Compatibility_Testing.C_T_2" time="54.457" errors="0" timestamp="2023-09-07T18:28:13 IST" skipped="0">
  <testcase classname="Compatibility_Testing.C_T_2" name="TC1" time="18.759"/>
  <testcase classname="Compatibility_Testing.C_T_2" name="TC1" time="19.050"/>
  <testcase classname="Compatibility_Testing.C_T_2" name="TC1" time="16.648"/>
</testsuite> <!-- Compatibility_Testing.C_T_2 -->
