<?xml version="1.0" encoding="UTF-8"?>
<!-- Generated by org.testng.reporters.JUnitReportReporter -->
<testsuite hostname="LAPTOP-J7IILEPI" failures="0" tests="1" name="Parallel_Testing.P2" time="14.867" errors="0" timestamp="2023-09-07T13:44:18 IST" skipped="0">
  <testcase classname="Parallel_Testing.P2" name="opensql" time="14.867"/>
</testsuite> <!-- Parallel_Testing.P2 -->
