<?xml version="1.0" encoding="UTF-8"?>
<!-- Generated by org.testng.reporters.JUnitReportReporter -->
<testsuite hostname="LAPTOP-J7IILEPI" failures="0" tests="1" name="Parallel_Testing.Parallel3" time="22.314" errors="0" timestamp="2023-09-07T13:36:18 IST" skipped="0">
  <testcase classname="Parallel_Testing.Parallel3" name="openinstagram" time="22.314"/>
</testsuite> <!-- Parallel_Testing.Parallel3 -->
