<?xml version="1.0" encoding="UTF-8"?>
<!-- Generated by org.testng.reporters.JUnitReportReporter -->
<testsuite hostname="LAPTOP-J7IILEPI" failures="0" tests="3" name="Compatibility_Testing.C_T_P_1" time="42.045" errors="0" timestamp="2023-09-09T22:14:27 IST" skipped="0">
  <testcase classname="Compatibility_Testing.C_T_P_1" name="TC01" time="13.038"/>
  <testcase classname="Compatibility_Testing.C_T_P_1" name="TC01" time="16.808"/>
  <testcase classname="Compatibility_Testing.C_T_P_1" name="TC01" time="12.199"/>
</testsuite> <!-- Compatibility_Testing.C_T_P_1 -->
