<?xml version="1.0" encoding="UTF-8"?>
<!-- Generated by org.testng.reporters.JUnitReportReporter -->
<testsuite hostname="LAPTOP-J7IILEPI" failures="0" tests="3" name="Grouping.Grouping2" time="0.009" errors="0" timestamp="2023-09-07T13:11:20 IST" skipped="0">
  <testcase classname="Grouping.Grouping2" name="TC2" time="0.002">
    <system-out>
      <![CDATA[Running TC2]]>
    </system-out>
  </testcase> <!-- TC2 -->
  <testcase classname="Grouping.Grouping2" name="TC3" time="0.001">
    <system-out>
      <![CDATA[Running TC3]]>
    </system-out>
  </testcase> <!-- TC3 -->
  <testcase classname="Grouping.Grouping2" name="TC1" time="0.006">
    <system-out>
      <![CDATA[Running TC1]]>
    </system-out>
  </testcase> <!-- TC1 -->
  <system-out>
    <![CDATA[Running TC1
Running TC2
Running TC3]]>
  </system-out>
</testsuite> <!-- Grouping.Grouping2 -->
