<?xml version="1.0" encoding="UTF-8"?>
<!-- Generated by org.testng.reporters.JUnitReportReporter -->
<testsuite hostname="LAPTOP-J7IILEPI" failures="0" tests="2" name="Grouping.Grouping1" time="0.010" errors="0" timestamp="2023-09-07T13:01:58 IST" skipped="0">
  <testcase classname="Grouping.Grouping1" name="TC6" time="0.007">
    <system-out>
      <![CDATA[Running TC6]]>
    </system-out>
  </testcase> <!-- TC6 -->
  <testcase classname="Grouping.Grouping1" name="TC7" time="0.003">
    <system-out>
      <![CDATA[Running TC7]]>
    </system-out>
  </testcase> <!-- TC7 -->
  <system-out>
    <![CDATA[Running TC6
Running TC7]]>
  </system-out>
</testsuite> <!-- Grouping.Grouping1 -->
