<?xml version="1.0" encoding="UTF-8"?>
<!-- Generated by org.testng.reporters.JUnitReportReporter -->
<testsuite hostname="LAPTOP-J7IILEPI" failures="0" tests="5" name="Keywords.Priority1" time="0.011" errors="0" timestamp="2023-09-05T20:33:10 IST" skipped="0">
  <testcase classname="Keywords.Priority1" name="TC05" time="0.007">
    <system-out>
      <![CDATA[Running TC05]]>
    </system-out>
  </testcase> <!-- TC05 -->
  <testcase classname="Keywords.Priority1" name="TC02" time="0.001">
    <system-out>
      <![CDATA[Running TC02]]>
    </system-out>
  </testcase> <!-- TC02 -->
  <testcase classname="Keywords.Priority1" name="TC03" time="0.001">
    <system-out>
      <![CDATA[Running TC03]]>
    </system-out>
  </testcase> <!-- TC03 -->
  <testcase classname="Keywords.Priority1" name="TC04" time="0.001">
    <system-out>
      <![CDATA[Running TC04]]>
    </system-out>
  </testcase> <!-- TC04 -->
  <testcase classname="Keywords.Priority1" name="TC01" time="0.001">
    <system-out>
      <![CDATA[Running TC01]]>
    </system-out>
  </testcase> <!-- TC01 -->
  <system-out>
    <![CDATA[Running TC05
Running TC02
Running TC03
Running TC04
Running TC01]]>
  </system-out>
</testsuite> <!-- Keywords.Priority1 -->
