<?xml version="1.0" encoding="UTF-8"?>
<!-- Generated by org.testng.reporters.JUnitReportReporter -->
<testsuite hostname="LAPTOP-J7IILEPI" failures="0" tests="3" name="Keywords2.enabled" time="0.015" errors="0" timestamp="2023-09-06T18:26:15 IST" skipped="1">
  <testcase classname="Keywords2.enabled" name="TC1" time="0.012">
    <system-out>
      <![CDATA[Runn TC1]]>
    </system-out>
  </testcase> <!-- TC1 -->
  <testcase classname="Keywords2.enabled" name="TC2" time="0.003">
    <system-out>
      <![CDATA[Runn TC2]]>
    </system-out>
  </testcase> <!-- TC2 -->
  <testcase classname="Keywords2.enabled" name="TC3">
    <skipped/>
  </testcase> <!-- TC3 -->
  <system-out>
    <![CDATA[Runn TC1
Runn TC2]]>
  </system-out>
</testsuite> <!-- Keywords2.enabled -->
