<?xml version="1.0" encoding="UTF-8"?>
<!-- Generated by org.testng.reporters.JUnitReportReporter -->
<testsuite hostname="LAPTOP-J7IILEPI" failures="0" tests="1" name="Annotations.Test1" time="0.003" errors="0" timestamp="2023-09-09T16:40:43 IST" skipped="0">
  <testcase classname="Annotations.Test1" name="SearchHotel" time="0.003">
    <system-out>
      <![CDATA[TC1 Search Hotels]]>
    </system-out>
  </testcase> <!-- SearchHotel -->
  <system-out>
    <![CDATA[Open Browser
Login
TC1 Search Hotels
Logout
Close Browser]]>
  </system-out>
</testsuite> <!-- Annotations.Test1 -->
