<?xml version="1.0" encoding="UTF-8"?>
<!-- Generated by org.testng.reporters.JUnitReportReporter -->
<testsuite hostname="LAPTOP-J7IILEPI" failures="0" tests="3" name="Keywords2.timeOut" time="0.015" errors="0" timestamp="2023-09-06T18:34:27 IST" skipped="0">
  <testcase classname="Keywords2.timeOut" name="TC3" time="0.006">
    <system-out>
      <![CDATA[tc3]]>
    </system-out>
  </testcase> <!-- TC3 -->
  <testcase classname="Keywords2.timeOut" name="TC1" time="0.007">
    <system-out>
      <![CDATA[tc1]]>
    </system-out>
  </testcase> <!-- TC1 -->
  <testcase classname="Keywords2.timeOut" name="TC2" time="0.002">
    <system-out>
      <![CDATA[tc2]]>
    </system-out>
  </testcase> <!-- TC2 -->
  <system-out>
    <![CDATA[tc1
tc2
tc3]]>
  </system-out>
</testsuite> <!-- Keywords2.timeOut -->
