<?xml version="1.0" encoding="UTF-8"?>
<!-- Generated by org.testng.reporters.JUnitReportReporter -->
<testsuite hostname="LAPTOP-J7IILEPI" failures="0" tests="2" name="Keywords2.dependsOnMethods" time="0.009" errors="0" timestamp="2023-09-06T18:22:59 IST" skipped="0">
  <testcase classname="Keywords2.dependsOnMethods" name="signin" time="0.008">
    <system-out>
      <![CDATA[SignIn]]>
    </system-out>
  </testcase> <!-- signin -->
  <testcase classname="Keywords2.dependsOnMethods" name="login" time="0.001">
    <system-out>
      <![CDATA[login]]>
    </system-out>
  </testcase> <!-- login -->
  <system-out>
    <![CDATA[SignIn
login]]>
  </system-out>
</testsuite> <!-- Keywords2.dependsOnMethods -->
