<?xml version="1.0" encoding="UTF-8"?>
<!-- Generated by org.testng.reporters.JUnitReportReporter -->
<testsuite hostname="LAPTOP-J7IILEPI" failures="0" tests="3" name="Annotations.Data_Provider1" time="0.010" errors="0" timestamp="2023-09-12T10:50:40 IST" skipped="0">
  <testcase classname="Annotations.Data_Provider1" name="login" time="0.003"/>
  <testcase classname="Annotations.Data_Provider1" name="login" time="0.005"/>
  <testcase classname="Annotations.Data_Provider1" name="login" time="0.002"/>
</testsuite> <!-- Annotations.Data_Provider1 -->
