<?xml version="1.0" encoding="UTF-8"?>
<!-- Generated by org.testng.reporters.JUnitReportReporter -->
<testsuite hostname="LAPTOP-J7IILEPI" failures="0" tests="2" name="Test_Suite_1.Test1" time="0.007" errors="0" timestamp="2023-09-06T18:47:49 IST" skipped="0">
  <testcase classname="Test_Suite_1.Test1" name="TC1" time="0.006">
    <system-out>
      <![CDATA[Run TC1]]>
    </system-out>
  </testcase> <!-- TC1 -->
  <testcase classname="Test_Suite_1.Test1" name="TC2" time="0.001">
    <system-out>
      <![CDATA[Run TC2]]>
    </system-out>
  </testcase> <!-- TC2 -->
  <system-out>
    <![CDATA[Run TC1
Run TC2
Run TC4
Run TC5]]>
  </system-out>
</testsuite> <!-- Test_Suite_1.Test1 -->
