<?xml version="1.0" encoding="UTF-8"?>
<!-- Generated by org.testng.reporters.JUnitReportReporter -->
<testsuite hostname="LAPTOP-J7IILEPI" failures="0" tests="2" name="Test_Suite_2.Test1" time="0.013" errors="0" timestamp="2023-09-06T19:23:00 IST" skipped="0">
  <testcase classname="Test_Suite_2.Test1" name="TC4" time="0.002">
    <system-out>
      <![CDATA[Running Method TC4]]>
    </system-out>
  </testcase> <!-- TC4 -->
  <testcase classname="Test_Suite_2.Test1" name="TC2" time="0.011">
    <system-out>
      <![CDATA[Running Method TC2]]>
    </system-out>
  </testcase> <!-- TC2 -->
  <system-out>
    <![CDATA[Running Method TC2
Running Method TC4]]>
  </system-out>
</testsuite> <!-- Test_Suite_2.Test1 -->
