<?xml version="1.0" encoding="UTF-8"?>
<!-- Generated by org.testng.reporters.JUnitReportReporter -->
<testsuite hostname="LAPTOP-J7IILEPI" failures="0" tests="3" name="Annotations.Annotations3" time="0.006" errors="0" timestamp="2023-09-09T16:53:58 IST" skipped="0">
  <testcase classname="Annotations.Annotations3" name="SearchHotel" time="0.001">
    <system-out>
      <![CDATA[TC2 Search Hotels]]>
    </system-out>
  </testcase> <!-- SearchHotel -->
  <testcase classname="Annotations.Annotations3" name="FetchAmount" time="0.001">
    <system-out>
      <![CDATA[TC3 Fetch Amount]]>
    </system-out>
  </testcase> <!-- FetchAmount -->
  <testcase classname="Annotations.Annotations3" name="ChangePassword" time="0.004">
    <system-out>
      <![CDATA[TC1 Change Password]]>
    </system-out>
  </testcase> <!-- ChangePassword -->
  <system-out>
    <![CDATA[Open Browser
Login
TC1 Change Password
LogOut
Login
TC3 Fetch Amount
LogOut
Login
TC2 Search Hotels
LogOut
Close Browser]]>
  </system-out>
</testsuite> <!-- Annotations.Annotations3 -->
