<?xml version="1.0" encoding="UTF-8"?>
<!-- Generated by org.testng.reporters.JUnitReportReporter -->
<testsuite hostname="LAPTOP-J7IILEPI" failures="0" tests="2" name="Keywords.dependsOnMethod" time="0.009" errors="0" timestamp="2023-09-06T18:18:10 IST" skipped="0">
  <testcase classname="Keywords.dependsOnMethod" name="login" time="0.008">
    <system-out>
      <![CDATA[Login to app]]>
    </system-out>
  </testcase> <!-- login -->
  <testcase classname="Keywords.dependsOnMethod" name="logout" time="0.001">
    <system-out>
      <![CDATA[Logout from app]]>
    </system-out>
  </testcase> <!-- logout -->
  <system-out>
    <![CDATA[Login to app
Logout from app]]>
  </system-out>
</testsuite> <!-- Keywords.dependsOnMethod -->
